2025-10-04 19:26:59,974 [INFO] SET key=key1
2025-10-04 19:27:00,104 [INFO] SET key=key1
2025-10-04 19:27:00,110 [INFO] GET key=key1 found
2025-10-04 19:27:00,145 [INFO] SET key=key1
2025-10-04 19:27:00,155 [INFO] SET key=key1
2025-10-04 19:27:00,166 [INFO] GET key=key1 found
2025-10-04 19:27:00,201 [INFO] GET key=doesnotexist not found
2025-10-04 19:27:00,336 [INFO] GET key=key1 found
2025-10-04 19:29:34,021 [INFO] KVStore session started.
2025-10-04 19:29:34,021 [INFO] No existing data file found, starting fresh.
2025-10-04 19:29:34,021 [INFO] SET executed successfully for key='key1'
2025-10-04 19:29:34,157 [INFO] KVStore session started.
2025-10-04 19:29:34,157 [INFO] Data loaded successfully from file.
2025-10-04 19:29:34,158 [INFO] SET executed successfully for key='key1'
2025-10-04 19:29:34,162 [INFO] GET success for key='key1'
2025-10-04 19:29:34,197 [INFO] KVStore session started.
2025-10-04 19:29:34,198 [INFO] Data loaded successfully from file.
2025-10-04 19:29:34,198 [INFO] SET executed successfully for key='key1'
2025-10-04 19:29:34,208 [INFO] SET executed successfully for key='key1'
2025-10-04 19:29:34,219 [INFO] GET success for key='key1'
2025-10-04 19:29:34,253 [INFO] KVStore session started.
2025-10-04 19:29:34,253 [INFO] Data loaded successfully from file.
2025-10-04 19:29:34,253 [INFO] GET miss for key='doesnotexist'
2025-10-04 19:29:34,286 [INFO] KVStore session started.
2025-10-04 19:29:34,286 [INFO] Data loaded successfully from file.
2025-10-04 19:29:34,307 [INFO] KVStore session started.
2025-10-04 19:29:34,307 [INFO] Data loaded successfully from file.
2025-10-04 19:29:34,388 [INFO] GET success for key='key1'
2025-10-04 19:30:30,181 [INFO] KVStore started successfully.
2025-10-04 19:30:30,181 [INFO] No previous data found; initializing new store.
2025-10-04 19:30:30,181 [INFO] SET successful for key='key1' value='9d7a3729-2401-4b21-b9fe-a6e295078eab'
2025-10-04 19:30:30,326 [INFO] KVStore started successfully.
2025-10-04 19:30:30,326 [INFO] Data successfully reloaded from file.
2025-10-04 19:30:30,326 [INFO] SET successful for key='key1' value='946e16e3-ac92-465c-b0a9-9062f5999c0d'
2025-10-04 19:30:30,330 [INFO] GET successful for key='key1', value='946e16e3-ac92-465c-b0a9-9062f5999c0d'
2025-10-04 19:30:30,366 [INFO] KVStore started successfully.
2025-10-04 19:30:30,366 [INFO] Data successfully reloaded from file.
2025-10-04 19:30:30,366 [INFO] SET successful for key='key1' value='c8649432-0cab-4651-b760-33d00537ae4d'
2025-10-04 19:30:30,376 [INFO] SET successful for key='key1' value='e9c8d30d-e79e-4b2e-b808-aa70815c3c21'
2025-10-04 19:30:30,387 [INFO] GET successful for key='key1', value='e9c8d30d-e79e-4b2e-b808-aa70815c3c21'
2025-10-04 19:30:30,422 [INFO] KVStore started successfully.
2025-10-04 19:30:30,422 [INFO] Data successfully reloaded from file.
2025-10-04 19:30:30,422 [INFO] GET miss for key='doesnotexist'
2025-10-04 19:30:30,454 [INFO] KVStore started successfully.
2025-10-04 19:30:30,454 [INFO] Data successfully reloaded from file.
2025-10-04 19:30:30,475 [INFO] KVStore started successfully.
2025-10-04 19:30:30,476 [INFO] Data successfully reloaded from file.
2025-10-04 19:30:30,557 [INFO] GET successful for key='key1', value='a922d39b-0dce-4d1c-bb65-1449726f0336'
2025-10-04 19:31:10,254 [INFO] KVStore started successfully.
2025-10-04 19:31:10,254 [INFO] No previous data found; initializing new store.
2025-10-04 19:31:10,254 [INFO] SET successful for key='key1' value='300d6fb2-8a7c-42d9-8f2b-ad086a87b91a'
2025-10-04 19:31:10,392 [INFO] KVStore started successfully.
2025-10-04 19:31:10,393 [INFO] Data successfully reloaded from file.
2025-10-04 19:31:10,393 [INFO] SET successful for key='key1' value='56bef3ba-616d-497e-b3a4-b1638629f033'
2025-10-04 19:31:10,395 [INFO] GET successful for key='key1', value='56bef3ba-616d-497e-b3a4-b1638629f033'
2025-10-04 19:31:10,432 [INFO] KVStore started successfully.
2025-10-04 19:31:10,432 [INFO] Data successfully reloaded from file.
2025-10-04 19:31:10,432 [INFO] SET successful for key='key1' value='b3537fd6-b521-489a-bbe8-30a001e3b2af'
2025-10-04 19:31:10,440 [INFO] SET successful for key='key1' value='7c2bd515-4b1e-4217-a4b8-cc1c371f9cab'
2025-10-04 19:31:10,451 [INFO] GET successful for key='key1', value='7c2bd515-4b1e-4217-a4b8-cc1c371f9cab'
2025-10-04 19:31:10,486 [INFO] KVStore started successfully.
2025-10-04 19:31:10,486 [INFO] Data successfully reloaded from file.
2025-10-04 19:31:10,486 [INFO] GET miss for key='doesnotexist'
2025-10-04 19:31:10,519 [INFO] KVStore started successfully.
2025-10-04 19:31:10,519 [INFO] Data successfully reloaded from file.
2025-10-04 19:31:10,539 [INFO] KVStore started successfully.
2025-10-04 19:31:10,540 [INFO] Data successfully reloaded from file.
2025-10-04 19:31:10,621 [INFO] GET successful for key='key1', value='5f52dec1-93a4-4880-8be3-cffd9df4d98d'
2025-10-04 19:36:27,136 [INFO] SET executed for key='key1'
2025-10-04 19:36:27,276 [INFO] SET executed for key='key1'
2025-10-04 19:36:27,279 [INFO] GET successful for key='key1'
2025-10-04 19:36:27,314 [INFO] SET executed for key='key1'
2025-10-04 19:36:27,325 [INFO] SET executed for key='key1'
2025-10-04 19:36:27,336 [INFO] GET successful for key='key1'
2025-10-04 19:36:27,371 [WARNING] GET requested for missing key='doesnotexist'
2025-10-04 19:36:27,506 [INFO] GET successful for key='key1'
2025-10-04 19:37:19,152 [INFO] SET executed for key='key1'
2025-10-04 19:37:19,287 [INFO] SET executed for key='key1'
2025-10-04 19:37:19,292 [INFO] GET successful for key='key1'
2025-10-04 19:37:19,327 [INFO] SET executed for key='key1'
2025-10-04 19:37:19,337 [INFO] SET executed for key='key1'
2025-10-04 19:37:19,348 [INFO] GET successful for key='key1'
2025-10-04 19:37:19,383 [WARNING] GET requested for missing key='doesnotexist'
2025-10-04 19:37:19,416 [INFO] SET executed for key='key1'
2025-10-04 19:37:19,518 [INFO] GET successful for key='key1'
2025-10-04 19:48:19,472 [INFO] SET command executed successfully for key: key1
2025-10-04 19:48:19,607 [INFO] SET command executed successfully for key: key1
2025-10-04 19:48:19,612 [INFO] GET command returned value for key: key1
2025-10-04 19:48:19,647 [INFO] SET command executed successfully for key: key1
2025-10-04 19:48:19,658 [INFO] SET command executed successfully for key: key1
2025-10-04 19:48:19,669 [INFO] GET command returned value for key: key1
2025-10-04 19:48:19,704 [WARNING] GET command: key 'doesnotexist' not found.
2025-10-04 19:48:19,839 [INFO] GET command returned value for key: key1
2025-10-04 20:18:09,988 [INFO] SET successful: key=key1
2025-10-04 20:18:10,118 [INFO] SET successful: key=key1
2025-10-04 20:18:10,125 [INFO] GET success: key=key1
2025-10-04 20:18:10,161 [INFO] SET successful: key=key1
2025-10-04 20:18:10,171 [INFO] SET successful: key=key1
2025-10-04 20:18:10,182 [INFO] GET success: key=key1
2025-10-04 20:18:10,217 [WARNING] GET: key 'doesnotexist' not found.
2025-10-04 20:18:10,352 [INFO] GET success: key=key1
2025-10-04 20:19:54,487 [INFO] SET successful for key=key1
2025-10-04 20:19:54,621 [INFO] SET successful for key=key1
2025-10-04 20:19:54,660 [INFO] SET successful for key=key1
2025-10-04 20:19:54,671 [INFO] SET successful for key=key1
2025-10-04 20:19:54,718 [WARNING] GET: key not found: doesnotexist
2025-10-04 20:19:54,751 [INFO] SET successful for key=key1
